[2020-05-17T11:29:37.471] [ERROR] application - ReferenceError: result is not defined
    at getQuery (C:\Users\tyutj\Desktop\project-V2.0\server\routes\api\sms.js:61:26)
    at C:\Users\tyutj\Desktop\project-V2.0\server\routes\api\sms.js:100:26
    at processTicksAndRejections (internal/process/task_queues.js:93:5)
    at async serve (C:\Users\tyutj\Desktop\project-V2.0\server\node_modules\_koa-static@5.0.0@koa-static\index.js:53:9)
    at async bodyParser (C:\Users\tyutj\Desktop\project-V2.0\server\node_modules\koa-bodyparser\index.js:95:5)
    at async C:\Users\tyutj\Desktop\project-V2.0\server\node_modules\_koa-log4@2.3.2@koa-log4\koa-logger.js:86:7
[2020-05-17T12:03:52.880] [ERROR] application - Error: Argument passed in must be a single String of 12 bytes or a string of 24 hex characters
    at new ObjectID (C:\Users\tyutj\Desktop\project-V2.0\server\node_modules\mongodb\node_modules\bson\lib\bson\objectid.js:59:11)
    at ObjectID [as ObjectId] (C:\Users\tyutj\Desktop\project-V2.0\server\node_modules\mongodb\node_modules\bson\lib\bson\objectid.js:40:43)
    at C:\Users\tyutj\Desktop\project-V2.0\server\routes\api\sms.js:146:32
    at dispatch (C:\Users\tyutj\Desktop\project-V2.0\server\node_modules\koa-compose\index.js:42:32)
    at C:\Users\tyutj\Desktop\project-V2.0\server\node_modules\koa-passport\lib\framework\koa.js:150:16
    at runMicrotasks (<anonymous>)
    at processTicksAndRejections (internal/process/task_queues.js:93:5)
    at async serve (C:\Users\tyutj\Desktop\project-V2.0\server\node_modules\_koa-static@5.0.0@koa-static\index.js:53:9)
    at async bodyParser (C:\Users\tyutj\Desktop\project-V2.0\server\node_modules\koa-bodyparser\index.js:95:5)
    at async C:\Users\tyutj\Desktop\project-V2.0\server\node_modules\_koa-log4@2.3.2@koa-log4\koa-logger.js:86:7
[2020-05-17T12:08:37.898] [ERROR] application - TypeError: result3.push is not a function
    at getQuery (C:\Users\tyutj\Desktop\project-V2.0\server\routes\api\sms.js:189:21)
    at processTicksAndRejections (internal/process/task_queues.js:93:5)
    at async C:\Users\tyutj\Desktop\project-V2.0\server\routes\api\sms.js:207:16
    at async serve (C:\Users\tyutj\Desktop\project-V2.0\server\node_modules\_koa-static@5.0.0@koa-static\index.js:53:9)
    at async bodyParser (C:\Users\tyutj\Desktop\project-V2.0\server\node_modules\koa-bodyparser\index.js:95:5)
    at async C:\Users\tyutj\Desktop\project-V2.0\server\node_modules\_koa-log4@2.3.2@koa-log4\koa-logger.js:86:7
[2020-05-17T12:11:20.866] [ERROR] application - MongoError: BSON field 'delete.deletes.q' is the wrong type 'objectId', expected type 'object'
    at MessageStream.messageHandler (C:\Users\tyutj\Desktop\project-V2.0\server\node_modules\mongodb\lib\cmap\connection.js:261:20)
    at MessageStream.emit (events.js:210:5)
    at processIncomingData (C:\Users\tyutj\Desktop\project-V2.0\server\node_modules\mongodb\lib\cmap\message_stream.js:144:12)
    at MessageStream._write (C:\Users\tyutj\Desktop\project-V2.0\server\node_modules\mongodb\lib\cmap\message_stream.js:42:5)
    at doWrite (_stream_writable.js:431:12)
    at writeOrBuffer (_stream_writable.js:415:5)
    at MessageStream.Writable.write (_stream_writable.js:305:11)
    at Socket.ondata (_stream_readable.js:727:22)
    at Socket.emit (events.js:210:5)
    at addChunk (_stream_readable.js:309:12)
    at readableAddChunk (_stream_readable.js:290:11)
    at Socket.Readable.push (_stream_readable.js:224:10)
    at TCP.onStreamRead (internal/stream_base_commons.js:182:23) {
  ok: 0,
  errmsg: "BSON field 'delete.deletes.q' is the wrong type 'objectId', expected type 'object'",
  code: 14,
  codeName: 'TypeMismatch',
  name: 'MongoError',
  [Symbol(mongoErrorContextSymbol)]: {}
}
[2020-05-17T12:15:20.737] [ERROR] application - MongoError: BSON field 'delete.deletes.q' is the wrong type 'objectId', expected type 'object'
    at MessageStream.messageHandler (C:\Users\tyutj\Desktop\project-V2.0\server\node_modules\mongodb\lib\cmap\connection.js:261:20)
    at MessageStream.emit (events.js:210:5)
    at processIncomingData (C:\Users\tyutj\Desktop\project-V2.0\server\node_modules\mongodb\lib\cmap\message_stream.js:144:12)
    at MessageStream._write (C:\Users\tyutj\Desktop\project-V2.0\server\node_modules\mongodb\lib\cmap\message_stream.js:42:5)
    at doWrite (_stream_writable.js:431:12)
    at writeOrBuffer (_stream_writable.js:415:5)
    at MessageStream.Writable.write (_stream_writable.js:305:11)
    at Socket.ondata (_stream_readable.js:727:22)
    at Socket.emit (events.js:210:5)
    at addChunk (_stream_readable.js:309:12)
    at readableAddChunk (_stream_readable.js:290:11)
    at Socket.Readable.push (_stream_readable.js:224:10)
    at TCP.onStreamRead (internal/stream_base_commons.js:182:23) {
  ok: 0,
  errmsg: "BSON field 'delete.deletes.q' is the wrong type 'objectId', expected type 'object'",
  code: 14,
  codeName: 'TypeMismatch',
  name: 'MongoError',
  [Symbol(mongoErrorContextSymbol)]: {}
}
[2020-05-17T12:40:01.138] [ERROR] application - MongooseError [ObjectParameterError]: Parameter "filter" to updateOne() must be an object, got 3
    at new ObjectParameterError (C:\Users\tyutj\Desktop\project-V2.0\server\node_modules\mongoose\lib\error\objectParameter.js:25:11)
    at _update (C:\Users\tyutj\Desktop\project-V2.0\server\node_modules\mongoose\lib\query.js:4180:17)
    at model.Query.Query.updateOne (C:\Users\tyutj\Desktop\project-V2.0\server\node_modules\mongoose\lib\query.js:4092:10)
    at _update (C:\Users\tyutj\Desktop\project-V2.0\server\node_modules\mongoose\lib\model.js:3784:16)
    at Function.updateOne (C:\Users\tyutj\Desktop\project-V2.0\server\node_modules\mongoose\lib\model.js:3720:10)
    at C:\Users\tyutj\Desktop\project-V2.0\server\routes\api\departs.js:71:18
    at dispatch (C:\Users\tyutj\Desktop\project-V2.0\server\node_modules\koa-compose\index.js:42:32)
    at C:\Users\tyutj\Desktop\project-V2.0\server\node_modules\koa-passport\lib\framework\koa.js:150:16
    at runMicrotasks (<anonymous>)
    at processTicksAndRejections (internal/process/task_queues.js:93:5)
    at async serve (C:\Users\tyutj\Desktop\project-V2.0\server\node_modules\_koa-static@5.0.0@koa-static\index.js:53:9)
    at async bodyParser (C:\Users\tyutj\Desktop\project-V2.0\server\node_modules\koa-bodyparser\index.js:95:5)
    at async C:\Users\tyutj\Desktop\project-V2.0\server\node_modules\_koa-log4@2.3.2@koa-log4\koa-logger.js:86:7 {
  message: 'Parameter "filter" to updateOne() must be an object, got 3',
  name: 'ObjectParameterError'
}
[2020-05-17T12:43:19.096] [ERROR] application - MongooseError [ObjectParameterError]: Parameter "filter" to deleteOne() must be an object, got 3
    at new ObjectParameterError (C:\Users\tyutj\Desktop\project-V2.0\server\node_modules\mongoose\lib\error\objectParameter.js:25:11)
    at model.Query.Query.deleteOne (C:\Users\tyutj\Desktop\project-V2.0\server\node_modules\mongoose\lib\query.js:2716:16)
    at Function.deleteOne (C:\Users\tyutj\Desktop\project-V2.0\server\node_modules\mongoose\lib\model.js:1962:13)
    at C:\Users\tyutj\Desktop\project-V2.0\server\routes\api\departs.js:92:18
    at dispatch (C:\Users\tyutj\Desktop\project-V2.0\server\node_modules\koa-compose\index.js:42:32)
    at C:\Users\tyutj\Desktop\project-V2.0\server\node_modules\koa-passport\lib\framework\koa.js:150:16
    at processTicksAndRejections (internal/process/task_queues.js:93:5)
    at async serve (C:\Users\tyutj\Desktop\project-V2.0\server\node_modules\_koa-static@5.0.0@koa-static\index.js:53:9)
    at async bodyParser (C:\Users\tyutj\Desktop\project-V2.0\server\node_modules\koa-bodyparser\index.js:95:5)
    at async C:\Users\tyutj\Desktop\project-V2.0\server\node_modules\_koa-log4@2.3.2@koa-log4\koa-logger.js:86:7 {
  message: 'Parameter "filter" to deleteOne() must be an object, got 3',
  name: 'ObjectParameterError'
}
[2020-05-17T15:22:49.617] [ERROR] application - ReferenceError: department_id is not defined
    at C:\Users\tyutj\Desktop\project-V2.0\server\routes\api\user.js:169:20
    at dispatch (C:\Users\tyutj\Desktop\project-V2.0\server\node_modules\koa-compose\index.js:42:32)
    at C:\Users\tyutj\Desktop\project-V2.0\server\node_modules\koa-passport\lib\framework\koa.js:150:16
    at processTicksAndRejections (internal/process/task_queues.js:93:5)
    at async serve (C:\Users\tyutj\Desktop\project-V2.0\server\node_modules\_koa-static@5.0.0@koa-static\index.js:53:9)
    at async bodyParser (C:\Users\tyutj\Desktop\project-V2.0\server\node_modules\koa-bodyparser\index.js:95:5)
    at async C:\Users\tyutj\Desktop\project-V2.0\server\node_modules\_koa-log4@2.3.2@koa-log4\koa-logger.js:86:7
[2020-05-17T16:01:56.194] [ERROR] application - TypeError: Converting circular structure to JSON
    --> starting at object with constructor 'NativeTopology'
    |     property 's' -> object with constructor 'Object'
    |     property 'sessionPool' -> object with constructor 'ServerSessionPool'
    --- property 'topology' closes the circle
    at JSON.stringify (<anonymous>)
    at Object.get length [as length] (C:\Users\tyutj\Desktop\project-V2.0\server\node_modules\koa\lib\response.js:212:35)
    at assembleTokens (C:\Users\tyutj\Desktop\project-V2.0\server\node_modules\_koa-log4@2.3.2@koa-log4\koa-logger.js:161:18)
    at C:\Users\tyutj\Desktop\project-V2.0\server\node_modules\_koa-log4@2.3.2@koa-log4\koa-logger.js:96:30
    at processTicksAndRejections (internal/process/task_queues.js:93:5)
[2020-05-17T16:03:58.850] [ERROR] application - TypeError: Converting circular structure to JSON
    --> starting at object with constructor 'NativeTopology'
    |     property 's' -> object with constructor 'Object'
    |     property 'sessionPool' -> object with constructor 'ServerSessionPool'
    --- property 'topology' closes the circle
    at JSON.stringify (<anonymous>)
    at Object.get length [as length] (C:\Users\tyutj\Desktop\project-V2.0\server\node_modules\koa\lib\response.js:212:35)
    at assembleTokens (C:\Users\tyutj\Desktop\project-V2.0\server\node_modules\_koa-log4@2.3.2@koa-log4\koa-logger.js:161:18)
    at C:\Users\tyutj\Desktop\project-V2.0\server\node_modules\_koa-log4@2.3.2@koa-log4\koa-logger.js:96:30
    at processTicksAndRejections (internal/process/task_queues.js:93:5)
[2020-05-17T16:04:01.649] [ERROR] application - TypeError: Converting circular structure to JSON
    --> starting at object with constructor 'NativeTopology'
    |     property 's' -> object with constructor 'Object'
    |     property 'sessionPool' -> object with constructor 'ServerSessionPool'
    --- property 'topology' closes the circle
    at JSON.stringify (<anonymous>)
    at Object.get length [as length] (C:\Users\tyutj\Desktop\project-V2.0\server\node_modules\koa\lib\response.js:212:35)
    at assembleTokens (C:\Users\tyutj\Desktop\project-V2.0\server\node_modules\_koa-log4@2.3.2@koa-log4\koa-logger.js:161:18)
    at C:\Users\tyutj\Desktop\project-V2.0\server\node_modules\_koa-log4@2.3.2@koa-log4\koa-logger.js:96:30
    at processTicksAndRejections (internal/process/task_queues.js:93:5)
[2020-05-17T16:04:18.659] [ERROR] application - TypeError: Converting circular structure to JSON
    --> starting at object with constructor 'NativeTopology'
    |     property 's' -> object with constructor 'Object'
    |     property 'sessionPool' -> object with constructor 'ServerSessionPool'
    --- property 'topology' closes the circle
    at JSON.stringify (<anonymous>)
    at Object.get length [as length] (C:\Users\tyutj\Desktop\project-V2.0\server\node_modules\koa\lib\response.js:212:35)
    at assembleTokens (C:\Users\tyutj\Desktop\project-V2.0\server\node_modules\_koa-log4@2.3.2@koa-log4\koa-logger.js:161:18)
    at C:\Users\tyutj\Desktop\project-V2.0\server\node_modules\_koa-log4@2.3.2@koa-log4\koa-logger.js:96:30
    at processTicksAndRejections (internal/process/task_queues.js:93:5)
[2020-05-17T16:04:20.701] [ERROR] application - TypeError: Converting circular structure to JSON
    --> starting at object with constructor 'NativeTopology'
    |     property 's' -> object with constructor 'Object'
    |     property 'sessionPool' -> object with constructor 'ServerSessionPool'
    --- property 'topology' closes the circle
    at JSON.stringify (<anonymous>)
    at Object.get length [as length] (C:\Users\tyutj\Desktop\project-V2.0\server\node_modules\koa\lib\response.js:212:35)
    at assembleTokens (C:\Users\tyutj\Desktop\project-V2.0\server\node_modules\_koa-log4@2.3.2@koa-log4\koa-logger.js:161:18)
    at C:\Users\tyutj\Desktop\project-V2.0\server\node_modules\_koa-log4@2.3.2@koa-log4\koa-logger.js:96:30
    at processTicksAndRejections (internal/process/task_queues.js:93:5)
[2020-05-17T16:04:22.866] [ERROR] application - TypeError: Converting circular structure to JSON
    --> starting at object with constructor 'NativeTopology'
    |     property 's' -> object with constructor 'Object'
    |     property 'sessionPool' -> object with constructor 'ServerSessionPool'
    --- property 'topology' closes the circle
    at JSON.stringify (<anonymous>)
    at Object.get length [as length] (C:\Users\tyutj\Desktop\project-V2.0\server\node_modules\koa\lib\response.js:212:35)
    at assembleTokens (C:\Users\tyutj\Desktop\project-V2.0\server\node_modules\_koa-log4@2.3.2@koa-log4\koa-logger.js:161:18)
    at C:\Users\tyutj\Desktop\project-V2.0\server\node_modules\_koa-log4@2.3.2@koa-log4\koa-logger.js:96:30
    at processTicksAndRejections (internal/process/task_queues.js:93:5)
[2020-05-17T16:04:24.024] [ERROR] application - TypeError: Converting circular structure to JSON
    --> starting at object with constructor 'NativeTopology'
    |     property 's' -> object with constructor 'Object'
    |     property 'sessionPool' -> object with constructor 'ServerSessionPool'
    --- property 'topology' closes the circle
    at JSON.stringify (<anonymous>)
    at Object.get length [as length] (C:\Users\tyutj\Desktop\project-V2.0\server\node_modules\koa\lib\response.js:212:35)
    at assembleTokens (C:\Users\tyutj\Desktop\project-V2.0\server\node_modules\_koa-log4@2.3.2@koa-log4\koa-logger.js:161:18)
    at C:\Users\tyutj\Desktop\project-V2.0\server\node_modules\_koa-log4@2.3.2@koa-log4\koa-logger.js:96:30
    at processTicksAndRejections (internal/process/task_queues.js:93:5)
[2020-05-17T16:04:34.496] [ERROR] application - TypeError: Converting circular structure to JSON
    --> starting at object with constructor 'NativeTopology'
    |     property 's' -> object with constructor 'Object'
    |     property 'sessionPool' -> object with constructor 'ServerSessionPool'
    --- property 'topology' closes the circle
    at JSON.stringify (<anonymous>)
    at Object.get length [as length] (C:\Users\tyutj\Desktop\project-V2.0\server\node_modules\koa\lib\response.js:212:35)
    at assembleTokens (C:\Users\tyutj\Desktop\project-V2.0\server\node_modules\_koa-log4@2.3.2@koa-log4\koa-logger.js:161:18)
    at C:\Users\tyutj\Desktop\project-V2.0\server\node_modules\_koa-log4@2.3.2@koa-log4\koa-logger.js:96:30
    at processTicksAndRejections (internal/process/task_queues.js:93:5)
[2020-05-17T16:05:10.964] [ERROR] application - TypeError: Converting circular structure to JSON
    --> starting at object with constructor 'NativeTopology'
    |     property 's' -> object with constructor 'Object'
    |     property 'sessionPool' -> object with constructor 'ServerSessionPool'
    --- property 'topology' closes the circle
    at JSON.stringify (<anonymous>)
    at Object.get length [as length] (C:\Users\tyutj\Desktop\project-V2.0\server\node_modules\koa\lib\response.js:212:35)
    at assembleTokens (C:\Users\tyutj\Desktop\project-V2.0\server\node_modules\_koa-log4@2.3.2@koa-log4\koa-logger.js:161:18)
    at C:\Users\tyutj\Desktop\project-V2.0\server\node_modules\_koa-log4@2.3.2@koa-log4\koa-logger.js:96:30
    at processTicksAndRejections (internal/process/task_queues.js:93:5)
[2020-05-17T16:06:08.736] [ERROR] application - TypeError: Converting circular structure to JSON
    --> starting at object with constructor 'NativeTopology'
    |     property 's' -> object with constructor 'Object'
    |     property 'sessionPool' -> object with constructor 'ServerSessionPool'
    --- property 'topology' closes the circle
    at JSON.stringify (<anonymous>)
    at Object.get length [as length] (C:\Users\tyutj\Desktop\project-V2.0\server\node_modules\koa\lib\response.js:212:35)
    at assembleTokens (C:\Users\tyutj\Desktop\project-V2.0\server\node_modules\_koa-log4@2.3.2@koa-log4\koa-logger.js:161:18)
    at C:\Users\tyutj\Desktop\project-V2.0\server\node_modules\_koa-log4@2.3.2@koa-log4\koa-logger.js:96:30
    at processTicksAndRejections (internal/process/task_queues.js:93:5)
[2020-05-17T18:41:39.680] [ERROR] application - TypeError: Expected string but received a number.
    at assertString (C:\Users\tyutj\Desktop\project-V2.0\server\node_modules\validator\lib\util\assertString.js:28:11)
    at Object.isEmpty (C:\Users\tyutj\Desktop\project-V2.0\server\node_modules\validator\lib\isEmpty.js:19:29)
    at ValidatorSendSms (C:\Users\tyutj\Desktop\project-V2.0\server\validation\sms\sendSms.js:19:18)
    at C:\Users\tyutj\Desktop\project-V2.0\server\routes\api\sms.js:308:9
    at dispatch (C:\Users\tyutj\Desktop\project-V2.0\server\node_modules\koa-compose\index.js:42:32)
    at C:\Users\tyutj\Desktop\project-V2.0\server\node_modules\koa-passport\lib\framework\koa.js:150:16
    at runMicrotasks (<anonymous>)
    at processTicksAndRejections (internal/process/task_queues.js:93:5)
    at async serve (C:\Users\tyutj\Desktop\project-V2.0\server\node_modules\_koa-static@5.0.0@koa-static\index.js:53:9)
    at async bodyParser (C:\Users\tyutj\Desktop\project-V2.0\server\node_modules\koa-bodyparser\index.js:95:5)
    at async C:\Users\tyutj\Desktop\project-V2.0\server\node_modules\_koa-log4@2.3.2@koa-log4\koa-logger.js:86:7
[2020-05-17T18:42:38.193] [ERROR] application - TypeError: Expected string but received a number.
    at assertString (C:\Users\tyutj\Desktop\project-V2.0\server\node_modules\validator\lib\util\assertString.js:28:11)
    at Object.isEmpty (C:\Users\tyutj\Desktop\project-V2.0\server\node_modules\validator\lib\isEmpty.js:19:29)
    at ValidatorSendSms (C:\Users\tyutj\Desktop\project-V2.0\server\validation\sms\sendSms.js:19:18)
    at C:\Users\tyutj\Desktop\project-V2.0\server\routes\api\sms.js:308:9
    at dispatch (C:\Users\tyutj\Desktop\project-V2.0\server\node_modules\koa-compose\index.js:42:32)
    at C:\Users\tyutj\Desktop\project-V2.0\server\node_modules\koa-passport\lib\framework\koa.js:150:16
    at runMicrotasks (<anonymous>)
    at processTicksAndRejections (internal/process/task_queues.js:93:5)
    at async serve (C:\Users\tyutj\Desktop\project-V2.0\server\node_modules\_koa-static@5.0.0@koa-static\index.js:53:9)
    at async bodyParser (C:\Users\tyutj\Desktop\project-V2.0\server\node_modules\koa-bodyparser\index.js:95:5)
    at async C:\Users\tyutj\Desktop\project-V2.0\server\node_modules\_koa-log4@2.3.2@koa-log4\koa-logger.js:86:7
[2020-05-17T18:42:57.523] [ERROR] application - TypeError: Expected string but received a number.
    at assertString (C:\Users\tyutj\Desktop\project-V2.0\server\node_modules\validator\lib\util\assertString.js:28:11)
    at Object.isEmpty (C:\Users\tyutj\Desktop\project-V2.0\server\node_modules\validator\lib\isEmpty.js:19:29)
    at ValidatorSendSms (C:\Users\tyutj\Desktop\project-V2.0\server\validation\sms\sendSms.js:19:18)
    at C:\Users\tyutj\Desktop\project-V2.0\server\routes\api\sms.js:308:9
    at dispatch (C:\Users\tyutj\Desktop\project-V2.0\server\node_modules\koa-compose\index.js:42:32)
    at C:\Users\tyutj\Desktop\project-V2.0\server\node_modules\koa-passport\lib\framework\koa.js:150:16
    at runMicrotasks (<anonymous>)
    at processTicksAndRejections (internal/process/task_queues.js:93:5)
    at async serve (C:\Users\tyutj\Desktop\project-V2.0\server\node_modules\_koa-static@5.0.0@koa-static\index.js:53:9)
    at async bodyParser (C:\Users\tyutj\Desktop\project-V2.0\server\node_modules\koa-bodyparser\index.js:95:5)
    at async C:\Users\tyutj\Desktop\project-V2.0\server\node_modules\_koa-log4@2.3.2@koa-log4\koa-logger.js:86:7
[2020-05-17T20:46:32.392] [ERROR] application - Error: Argument passed in must be a single String of 12 bytes or a string of 24 hex characters
    at new ObjectID (C:\Users\tyutj\Desktop\project-V2.0\server\node_modules\mongodb\node_modules\bson\lib\bson\objectid.js:59:11)
    at ObjectID [as ObjectId] (C:\Users\tyutj\Desktop\project-V2.0\server\node_modules\mongodb\node_modules\bson\lib\bson\objectid.js:40:43)
    at C:\Users\tyutj\Desktop\project-V2.0\server\routes\api\user.js:139:28
    at dispatch (C:\Users\tyutj\Desktop\project-V2.0\server\node_modules\koa-compose\index.js:42:32)
    at C:\Users\tyutj\Desktop\project-V2.0\server\node_modules\koa-passport\lib\framework\koa.js:150:16
    at processTicksAndRejections (internal/process/task_queues.js:93:5)
    at async serve (C:\Users\tyutj\Desktop\project-V2.0\server\node_modules\_koa-static@5.0.0@koa-static\index.js:53:9)
    at async bodyParser (C:\Users\tyutj\Desktop\project-V2.0\server\node_modules\koa-bodyparser\index.js:95:5)
    at async C:\Users\tyutj\Desktop\project-V2.0\server\node_modules\_koa-log4@2.3.2@koa-log4\koa-logger.js:86:7
[2020-05-17T20:46:33.385] [ERROR] application - Error: Argument passed in must be a single String of 12 bytes or a string of 24 hex characters
    at new ObjectID (C:\Users\tyutj\Desktop\project-V2.0\server\node_modules\mongodb\node_modules\bson\lib\bson\objectid.js:59:11)
    at ObjectID [as ObjectId] (C:\Users\tyutj\Desktop\project-V2.0\server\node_modules\mongodb\node_modules\bson\lib\bson\objectid.js:40:43)
    at C:\Users\tyutj\Desktop\project-V2.0\server\routes\api\user.js:139:28
    at dispatch (C:\Users\tyutj\Desktop\project-V2.0\server\node_modules\koa-compose\index.js:42:32)
    at C:\Users\tyutj\Desktop\project-V2.0\server\node_modules\koa-passport\lib\framework\koa.js:150:16
    at processTicksAndRejections (internal/process/task_queues.js:93:5)
    at async serve (C:\Users\tyutj\Desktop\project-V2.0\server\node_modules\_koa-static@5.0.0@koa-static\index.js:53:9)
    at async bodyParser (C:\Users\tyutj\Desktop\project-V2.0\server\node_modules\koa-bodyparser\index.js:95:5)
    at async C:\Users\tyutj\Desktop\project-V2.0\server\node_modules\_koa-log4@2.3.2@koa-log4\koa-logger.js:86:7
[2020-05-17T20:46:57.268] [ERROR] application - Error: Argument passed in must be a single String of 12 bytes or a string of 24 hex characters
    at new ObjectID (C:\Users\tyutj\Desktop\project-V2.0\server\node_modules\mongodb\node_modules\bson\lib\bson\objectid.js:59:11)
    at ObjectID [as ObjectId] (C:\Users\tyutj\Desktop\project-V2.0\server\node_modules\mongodb\node_modules\bson\lib\bson\objectid.js:40:43)
    at C:\Users\tyutj\Desktop\project-V2.0\server\routes\api\user.js:139:28
    at dispatch (C:\Users\tyutj\Desktop\project-V2.0\server\node_modules\koa-compose\index.js:42:32)
    at C:\Users\tyutj\Desktop\project-V2.0\server\node_modules\koa-passport\lib\framework\koa.js:150:16
    at processTicksAndRejections (internal/process/task_queues.js:93:5)
    at async serve (C:\Users\tyutj\Desktop\project-V2.0\server\node_modules\_koa-static@5.0.0@koa-static\index.js:53:9)
    at async bodyParser (C:\Users\tyutj\Desktop\project-V2.0\server\node_modules\koa-bodyparser\index.js:95:5)
    at async C:\Users\tyutj\Desktop\project-V2.0\server\node_modules\_koa-log4@2.3.2@koa-log4\koa-logger.js:86:7
[2020-05-17T20:46:57.962] [ERROR] application - Error: Argument passed in must be a single String of 12 bytes or a string of 24 hex characters
    at new ObjectID (C:\Users\tyutj\Desktop\project-V2.0\server\node_modules\mongodb\node_modules\bson\lib\bson\objectid.js:59:11)
    at ObjectID [as ObjectId] (C:\Users\tyutj\Desktop\project-V2.0\server\node_modules\mongodb\node_modules\bson\lib\bson\objectid.js:40:43)
    at C:\Users\tyutj\Desktop\project-V2.0\server\routes\api\user.js:139:28
    at dispatch (C:\Users\tyutj\Desktop\project-V2.0\server\node_modules\koa-compose\index.js:42:32)
    at C:\Users\tyutj\Desktop\project-V2.0\server\node_modules\koa-passport\lib\framework\koa.js:150:16
    at processTicksAndRejections (internal/process/task_queues.js:93:5)
    at async serve (C:\Users\tyutj\Desktop\project-V2.0\server\node_modules\_koa-static@5.0.0@koa-static\index.js:53:9)
    at async bodyParser (C:\Users\tyutj\Desktop\project-V2.0\server\node_modules\koa-bodyparser\index.js:95:5)
    at async C:\Users\tyutj\Desktop\project-V2.0\server\node_modules\_koa-log4@2.3.2@koa-log4\koa-logger.js:86:7
[2020-05-17T20:46:58.008] [ERROR] application - Error: Argument passed in must be a single String of 12 bytes or a string of 24 hex characters
    at new ObjectID (C:\Users\tyutj\Desktop\project-V2.0\server\node_modules\mongodb\node_modules\bson\lib\bson\objectid.js:59:11)
    at ObjectID [as ObjectId] (C:\Users\tyutj\Desktop\project-V2.0\server\node_modules\mongodb\node_modules\bson\lib\bson\objectid.js:40:43)
    at C:\Users\tyutj\Desktop\project-V2.0\server\routes\api\user.js:139:28
    at dispatch (C:\Users\tyutj\Desktop\project-V2.0\server\node_modules\koa-compose\index.js:42:32)
    at C:\Users\tyutj\Desktop\project-V2.0\server\node_modules\koa-passport\lib\framework\koa.js:150:16
    at processTicksAndRejections (internal/process/task_queues.js:93:5)
    at async serve (C:\Users\tyutj\Desktop\project-V2.0\server\node_modules\_koa-static@5.0.0@koa-static\index.js:53:9)
    at async bodyParser (C:\Users\tyutj\Desktop\project-V2.0\server\node_modules\koa-bodyparser\index.js:95:5)
    at async C:\Users\tyutj\Desktop\project-V2.0\server\node_modules\_koa-log4@2.3.2@koa-log4\koa-logger.js:86:7
[2020-05-17T20:46:58.023] [ERROR] application - Error: Argument passed in must be a single String of 12 bytes or a string of 24 hex characters
    at new ObjectID (C:\Users\tyutj\Desktop\project-V2.0\server\node_modules\mongodb\node_modules\bson\lib\bson\objectid.js:59:11)
    at ObjectID [as ObjectId] (C:\Users\tyutj\Desktop\project-V2.0\server\node_modules\mongodb\node_modules\bson\lib\bson\objectid.js:40:43)
    at C:\Users\tyutj\Desktop\project-V2.0\server\routes\api\user.js:139:28
    at dispatch (C:\Users\tyutj\Desktop\project-V2.0\server\node_modules\koa-compose\index.js:42:32)
    at C:\Users\tyutj\Desktop\project-V2.0\server\node_modules\koa-passport\lib\framework\koa.js:150:16
    at processTicksAndRejections (internal/process/task_queues.js:93:5)
    at async serve (C:\Users\tyutj\Desktop\project-V2.0\server\node_modules\_koa-static@5.0.0@koa-static\index.js:53:9)
    at async bodyParser (C:\Users\tyutj\Desktop\project-V2.0\server\node_modules\koa-bodyparser\index.js:95:5)
    at async C:\Users\tyutj\Desktop\project-V2.0\server\node_modules\_koa-log4@2.3.2@koa-log4\koa-logger.js:86:7
[2020-05-17T20:46:58.424] [ERROR] application - Error: Argument passed in must be a single String of 12 bytes or a string of 24 hex characters
    at new ObjectID (C:\Users\tyutj\Desktop\project-V2.0\server\node_modules\mongodb\node_modules\bson\lib\bson\objectid.js:59:11)
    at ObjectID [as ObjectId] (C:\Users\tyutj\Desktop\project-V2.0\server\node_modules\mongodb\node_modules\bson\lib\bson\objectid.js:40:43)
    at C:\Users\tyutj\Desktop\project-V2.0\server\routes\api\user.js:139:28
    at dispatch (C:\Users\tyutj\Desktop\project-V2.0\server\node_modules\koa-compose\index.js:42:32)
    at C:\Users\tyutj\Desktop\project-V2.0\server\node_modules\koa-passport\lib\framework\koa.js:150:16
    at processTicksAndRejections (internal/process/task_queues.js:93:5)
    at async serve (C:\Users\tyutj\Desktop\project-V2.0\server\node_modules\_koa-static@5.0.0@koa-static\index.js:53:9)
    at async bodyParser (C:\Users\tyutj\Desktop\project-V2.0\server\node_modules\koa-bodyparser\index.js:95:5)
    at async C:\Users\tyutj\Desktop\project-V2.0\server\node_modules\_koa-log4@2.3.2@koa-log4\koa-logger.js:86:7 {
  headerSent: true
}
[2020-05-17T20:46:59.829] [ERROR] application - Error: Argument passed in must be a single String of 12 bytes or a string of 24 hex characters
    at new ObjectID (C:\Users\tyutj\Desktop\project-V2.0\server\node_modules\mongodb\node_modules\bson\lib\bson\objectid.js:59:11)
    at ObjectID [as ObjectId] (C:\Users\tyutj\Desktop\project-V2.0\server\node_modules\mongodb\node_modules\bson\lib\bson\objectid.js:40:43)
    at C:\Users\tyutj\Desktop\project-V2.0\server\routes\api\user.js:139:28
    at dispatch (C:\Users\tyutj\Desktop\project-V2.0\server\node_modules\koa-compose\index.js:42:32)
    at C:\Users\tyutj\Desktop\project-V2.0\server\node_modules\koa-passport\lib\framework\koa.js:150:16
    at processTicksAndRejections (internal/process/task_queues.js:93:5)
    at async serve (C:\Users\tyutj\Desktop\project-V2.0\server\node_modules\_koa-static@5.0.0@koa-static\index.js:53:9)
    at async bodyParser (C:\Users\tyutj\Desktop\project-V2.0\server\node_modules\koa-bodyparser\index.js:95:5)
    at async C:\Users\tyutj\Desktop\project-V2.0\server\node_modules\_koa-log4@2.3.2@koa-log4\koa-logger.js:86:7
[2020-05-17T20:47:07.649] [ERROR] application - Error: Argument passed in must be a single String of 12 bytes or a string of 24 hex characters
    at new ObjectID (C:\Users\tyutj\Desktop\project-V2.0\server\node_modules\mongodb\node_modules\bson\lib\bson\objectid.js:59:11)
    at ObjectID [as ObjectId] (C:\Users\tyutj\Desktop\project-V2.0\server\node_modules\mongodb\node_modules\bson\lib\bson\objectid.js:40:43)
    at C:\Users\tyutj\Desktop\project-V2.0\server\routes\api\user.js:139:28
    at dispatch (C:\Users\tyutj\Desktop\project-V2.0\server\node_modules\koa-compose\index.js:42:32)
    at C:\Users\tyutj\Desktop\project-V2.0\server\node_modules\koa-passport\lib\framework\koa.js:150:16
    at processTicksAndRejections (internal/process/task_queues.js:93:5)
    at async serve (C:\Users\tyutj\Desktop\project-V2.0\server\node_modules\_koa-static@5.0.0@koa-static\index.js:53:9)
    at async bodyParser (C:\Users\tyutj\Desktop\project-V2.0\server\node_modules\koa-bodyparser\index.js:95:5)
    at async C:\Users\tyutj\Desktop\project-V2.0\server\node_modules\_koa-log4@2.3.2@koa-log4\koa-logger.js:86:7
[2020-05-17T20:49:02.003] [ERROR] application - Error: Argument passed in must be a single String of 12 bytes or a string of 24 hex characters
    at new ObjectID (C:\Users\tyutj\Desktop\project-V2.0\server\node_modules\mongodb\node_modules\bson\lib\bson\objectid.js:59:11)
    at ObjectID [as ObjectId] (C:\Users\tyutj\Desktop\project-V2.0\server\node_modules\mongodb\node_modules\bson\lib\bson\objectid.js:40:43)
    at C:\Users\tyutj\Desktop\project-V2.0\server\routes\api\user.js:139:28
    at dispatch (C:\Users\tyutj\Desktop\project-V2.0\server\node_modules\koa-compose\index.js:42:32)
    at C:\Users\tyutj\Desktop\project-V2.0\server\node_modules\koa-passport\lib\framework\koa.js:150:16
    at processTicksAndRejections (internal/process/task_queues.js:93:5)
    at async serve (C:\Users\tyutj\Desktop\project-V2.0\server\node_modules\_koa-static@5.0.0@koa-static\index.js:53:9)
    at async bodyParser (C:\Users\tyutj\Desktop\project-V2.0\server\node_modules\koa-bodyparser\index.js:95:5)
    at async C:\Users\tyutj\Desktop\project-V2.0\server\node_modules\_koa-log4@2.3.2@koa-log4\koa-logger.js:86:7
[2020-05-17T20:49:02.239] [ERROR] application - Error: Argument passed in must be a single String of 12 bytes or a string of 24 hex characters
    at new ObjectID (C:\Users\tyutj\Desktop\project-V2.0\server\node_modules\mongodb\node_modules\bson\lib\bson\objectid.js:59:11)
    at ObjectID [as ObjectId] (C:\Users\tyutj\Desktop\project-V2.0\server\node_modules\mongodb\node_modules\bson\lib\bson\objectid.js:40:43)
    at C:\Users\tyutj\Desktop\project-V2.0\server\routes\api\user.js:139:28
    at dispatch (C:\Users\tyutj\Desktop\project-V2.0\server\node_modules\koa-compose\index.js:42:32)
    at C:\Users\tyutj\Desktop\project-V2.0\server\node_modules\koa-passport\lib\framework\koa.js:150:16
    at processTicksAndRejections (internal/process/task_queues.js:93:5)
    at async serve (C:\Users\tyutj\Desktop\project-V2.0\server\node_modules\_koa-static@5.0.0@koa-static\index.js:53:9)
    at async bodyParser (C:\Users\tyutj\Desktop\project-V2.0\server\node_modules\koa-bodyparser\index.js:95:5)
    at async C:\Users\tyutj\Desktop\project-V2.0\server\node_modules\_koa-log4@2.3.2@koa-log4\koa-logger.js:86:7
[2020-05-17T20:49:03.361] [ERROR] application - Error: Argument passed in must be a single String of 12 bytes or a string of 24 hex characters
    at new ObjectID (C:\Users\tyutj\Desktop\project-V2.0\server\node_modules\mongodb\node_modules\bson\lib\bson\objectid.js:59:11)
    at ObjectID [as ObjectId] (C:\Users\tyutj\Desktop\project-V2.0\server\node_modules\mongodb\node_modules\bson\lib\bson\objectid.js:40:43)
    at C:\Users\tyutj\Desktop\project-V2.0\server\routes\api\user.js:139:28
    at dispatch (C:\Users\tyutj\Desktop\project-V2.0\server\node_modules\koa-compose\index.js:42:32)
    at C:\Users\tyutj\Desktop\project-V2.0\server\node_modules\koa-passport\lib\framework\koa.js:150:16
    at processTicksAndRejections (internal/process/task_queues.js:93:5)
    at async serve (C:\Users\tyutj\Desktop\project-V2.0\server\node_modules\_koa-static@5.0.0@koa-static\index.js:53:9)
    at async bodyParser (C:\Users\tyutj\Desktop\project-V2.0\server\node_modules\koa-bodyparser\index.js:95:5)
    at async C:\Users\tyutj\Desktop\project-V2.0\server\node_modules\_koa-log4@2.3.2@koa-log4\koa-logger.js:86:7
[2020-05-17T20:49:37.574] [ERROR] application - Error: Argument passed in must be a single String of 12 bytes or a string of 24 hex characters
    at new ObjectID (C:\Users\tyutj\Desktop\project-V2.0\server\node_modules\mongodb\node_modules\bson\lib\bson\objectid.js:59:11)
    at ObjectID [as ObjectId] (C:\Users\tyutj\Desktop\project-V2.0\server\node_modules\mongodb\node_modules\bson\lib\bson\objectid.js:40:43)
    at C:\Users\tyutj\Desktop\project-V2.0\server\routes\api\user.js:139:28
    at dispatch (C:\Users\tyutj\Desktop\project-V2.0\server\node_modules\koa-compose\index.js:42:32)
    at C:\Users\tyutj\Desktop\project-V2.0\server\node_modules\koa-passport\lib\framework\koa.js:150:16
    at processTicksAndRejections (internal/process/task_queues.js:93:5)
    at async serve (C:\Users\tyutj\Desktop\project-V2.0\server\node_modules\_koa-static@5.0.0@koa-static\index.js:53:9)
    at async bodyParser (C:\Users\tyutj\Desktop\project-V2.0\server\node_modules\koa-bodyparser\index.js:95:5)
    at async C:\Users\tyutj\Desktop\project-V2.0\server\node_modules\_koa-log4@2.3.2@koa-log4\koa-logger.js:86:7
[2020-05-17T20:49:57.599] [ERROR] application - Error: Argument passed in must be a single String of 12 bytes or a string of 24 hex characters
    at new ObjectID (C:\Users\tyutj\Desktop\project-V2.0\server\node_modules\mongodb\node_modules\bson\lib\bson\objectid.js:59:11)
    at ObjectID [as ObjectId] (C:\Users\tyutj\Desktop\project-V2.0\server\node_modules\mongodb\node_modules\bson\lib\bson\objectid.js:40:43)
    at C:\Users\tyutj\Desktop\project-V2.0\server\routes\api\user.js:139:28
    at dispatch (C:\Users\tyutj\Desktop\project-V2.0\server\node_modules\koa-compose\index.js:42:32)
    at C:\Users\tyutj\Desktop\project-V2.0\server\node_modules\koa-passport\lib\framework\koa.js:150:16
    at processTicksAndRejections (internal/process/task_queues.js:93:5)
    at async serve (C:\Users\tyutj\Desktop\project-V2.0\server\node_modules\_koa-static@5.0.0@koa-static\index.js:53:9)
    at async bodyParser (C:\Users\tyutj\Desktop\project-V2.0\server\node_modules\koa-bodyparser\index.js:95:5)
    at async C:\Users\tyutj\Desktop\project-V2.0\server\node_modules\_koa-log4@2.3.2@koa-log4\koa-logger.js:86:7
[2020-05-17T20:51:30.239] [ERROR] application - Error: Argument passed in must be a single String of 12 bytes or a string of 24 hex characters
    at new ObjectID (C:\Users\tyutj\Desktop\project-V2.0\server\node_modules\mongodb\node_modules\bson\lib\bson\objectid.js:59:11)
    at ObjectID [as ObjectId] (C:\Users\tyutj\Desktop\project-V2.0\server\node_modules\mongodb\node_modules\bson\lib\bson\objectid.js:40:43)
    at C:\Users\tyutj\Desktop\project-V2.0\server\routes\api\user.js:139:28
    at dispatch (C:\Users\tyutj\Desktop\project-V2.0\server\node_modules\koa-compose\index.js:42:32)
    at C:\Users\tyutj\Desktop\project-V2.0\server\node_modules\koa-passport\lib\framework\koa.js:150:16
    at processTicksAndRejections (internal/process/task_queues.js:93:5)
    at async serve (C:\Users\tyutj\Desktop\project-V2.0\server\node_modules\_koa-static@5.0.0@koa-static\index.js:53:9)
    at async bodyParser (C:\Users\tyutj\Desktop\project-V2.0\server\node_modules\koa-bodyparser\index.js:95:5)
    at async C:\Users\tyutj\Desktop\project-V2.0\server\node_modules\_koa-log4@2.3.2@koa-log4\koa-logger.js:86:7
[2020-05-17T20:52:59.983] [ERROR] application - MongooseError [ObjectParameterError]: Parameter "filter" to findOne() must be an object, got markSore
    at new ObjectParameterError (C:\Users\tyutj\Desktop\project-V2.0\server\node_modules\mongoose\lib\error\objectParameter.js:25:11)
    at model.Query.Query.findOne (C:\Users\tyutj\Desktop\project-V2.0\server\node_modules\mongoose\lib\query.js:2209:16)
    at Function.findOne (C:\Users\tyutj\Desktop\project-V2.0\server\node_modules\mongoose\lib\model.js:2214:13)
    at C:\Users\tyutj\Desktop\project-V2.0\server\routes\api\user.js:140:16
    at dispatch (C:\Users\tyutj\Desktop\project-V2.0\server\node_modules\koa-compose\index.js:42:32)
    at C:\Users\tyutj\Desktop\project-V2.0\server\node_modules\koa-passport\lib\framework\koa.js:150:16
    at processTicksAndRejections (internal/process/task_queues.js:93:5)
    at async serve (C:\Users\tyutj\Desktop\project-V2.0\server\node_modules\_koa-static@5.0.0@koa-static\index.js:53:9)
    at async bodyParser (C:\Users\tyutj\Desktop\project-V2.0\server\node_modules\koa-bodyparser\index.js:95:5)
    at async C:\Users\tyutj\Desktop\project-V2.0\server\node_modules\_koa-log4@2.3.2@koa-log4\koa-logger.js:86:7 {
  message: 'Parameter "filter" to findOne() must be an object, got markSore',
  name: 'ObjectParameterError'
}
