[2020-05-15T01:30:53.928] [ERROR] application - TypeError: list.map is not a function
    at C:\Users\tyutj\Desktop\project-V2.0\server\routes\api\admins.js:415:10
    at processTicksAndRejections (internal/process/task_queues.js:93:5)
    at async serve (C:\Users\tyutj\Desktop\project-V2.0\server\node_modules\_koa-static@5.0.0@koa-static\index.js:53:9)
    at async bodyParser (C:\Users\tyutj\Desktop\project-V2.0\server\node_modules\koa-bodyparser\index.js:95:5)
    at async C:\Users\tyutj\Desktop\project-V2.0\server\node_modules\_koa-log4@2.3.2@koa-log4\koa-logger.js:86:7
[2020-05-15T11:54:21.967] [ERROR] application - TypeError: Expected string but received a undefined.
    at assertString (C:\Users\tyutj\Desktop\project-V2.0\server\node_modules\validator\lib\util\assertString.js:28:11)
    at Object.isEmpty (C:\Users\tyutj\Desktop\project-V2.0\server\node_modules\validator\lib\isEmpty.js:19:29)
    at ValidatorUserChat (C:\Users\tyutj\Desktop\project-V2.0\server\validation\user\userChat.js:31:18)
    at C:\Users\tyutj\Desktop\project-V2.0\server\routes\api\user.js:538:9
    at dispatch (C:\Users\tyutj\Desktop\project-V2.0\server\node_modules\koa-compose\index.js:42:32)
    at C:\Users\tyutj\Desktop\project-V2.0\server\node_modules\koa-router\lib\router.js:368:16
    at dispatch (C:\Users\tyutj\Desktop\project-V2.0\server\node_modules\koa-compose\index.js:42:32)
    at C:\Users\tyutj\Desktop\project-V2.0\server\node_modules\koa-compose\index.js:34:12
    at dispatch (C:\Users\tyutj\Desktop\project-V2.0\server\node_modules\koa-router\lib\router.js:373:31)
    at dispatch (C:\Users\tyutj\Desktop\project-V2.0\server\node_modules\koa-compose\index.js:42:32)
    at serve (C:\Users\tyutj\Desktop\project-V2.0\server\node_modules\_koa-static@5.0.0@koa-static\index.js:53:15)
    at dispatch (C:\Users\tyutj\Desktop\project-V2.0\server\node_modules\koa-compose\index.js:42:32)
    at C:\Users\tyutj\Desktop\project-V2.0\server\node_modules\koa-passport\lib\framework\koa.js:150:16
    at processTicksAndRejections (internal/process/task_queues.js:93:5)
    at async bodyParser (C:\Users\tyutj\Desktop\project-V2.0\server\node_modules\koa-bodyparser\index.js:95:5)
    at async C:\Users\tyutj\Desktop\project-V2.0\server\node_modules\_koa-log4@2.3.2@koa-log4\koa-logger.js:86:7
[2020-05-15T11:57:14.044] [ERROR] application - TypeError: Expected string but received a undefined.
    at assertString (C:\Users\tyutj\Desktop\project-V2.0\server\node_modules\validator\lib\util\assertString.js:28:11)
    at Object.isEmpty (C:\Users\tyutj\Desktop\project-V2.0\server\node_modules\validator\lib\isEmpty.js:19:29)
    at ValidatorUserChat (C:\Users\tyutj\Desktop\project-V2.0\server\validation\user\userChat.js:31:18)
    at C:\Users\tyutj\Desktop\project-V2.0\server\routes\api\user.js:538:9
    at dispatch (C:\Users\tyutj\Desktop\project-V2.0\server\node_modules\koa-compose\index.js:42:32)
    at C:\Users\tyutj\Desktop\project-V2.0\server\node_modules\koa-router\lib\router.js:368:16
    at dispatch (C:\Users\tyutj\Desktop\project-V2.0\server\node_modules\koa-compose\index.js:42:32)
    at C:\Users\tyutj\Desktop\project-V2.0\server\node_modules\koa-compose\index.js:34:12
    at dispatch (C:\Users\tyutj\Desktop\project-V2.0\server\node_modules\koa-router\lib\router.js:373:31)
    at dispatch (C:\Users\tyutj\Desktop\project-V2.0\server\node_modules\koa-compose\index.js:42:32)
    at serve (C:\Users\tyutj\Desktop\project-V2.0\server\node_modules\_koa-static@5.0.0@koa-static\index.js:53:15)
    at dispatch (C:\Users\tyutj\Desktop\project-V2.0\server\node_modules\koa-compose\index.js:42:32)
    at C:\Users\tyutj\Desktop\project-V2.0\server\node_modules\koa-passport\lib\framework\koa.js:150:16
    at processTicksAndRejections (internal/process/task_queues.js:93:5)
    at async bodyParser (C:\Users\tyutj\Desktop\project-V2.0\server\node_modules\koa-bodyparser\index.js:95:5)
    at async C:\Users\tyutj\Desktop\project-V2.0\server\node_modules\_koa-log4@2.3.2@koa-log4\koa-logger.js:86:7
[2020-05-15T11:58:18.064] [ERROR] application - TypeError: Expected string but received a undefined.
    at assertString (C:\Users\tyutj\Desktop\project-V2.0\server\node_modules\validator\lib\util\assertString.js:28:11)
    at Object.isEmpty (C:\Users\tyutj\Desktop\project-V2.0\server\node_modules\validator\lib\isEmpty.js:19:29)
    at ValidatorUserChat (C:\Users\tyutj\Desktop\project-V2.0\server\validation\user\userChat.js:31:18)
    at C:\Users\tyutj\Desktop\project-V2.0\server\routes\api\user.js:538:9
    at dispatch (C:\Users\tyutj\Desktop\project-V2.0\server\node_modules\koa-compose\index.js:42:32)
    at C:\Users\tyutj\Desktop\project-V2.0\server\node_modules\koa-router\lib\router.js:368:16
    at dispatch (C:\Users\tyutj\Desktop\project-V2.0\server\node_modules\koa-compose\index.js:42:32)
    at C:\Users\tyutj\Desktop\project-V2.0\server\node_modules\koa-compose\index.js:34:12
    at dispatch (C:\Users\tyutj\Desktop\project-V2.0\server\node_modules\koa-router\lib\router.js:373:31)
    at dispatch (C:\Users\tyutj\Desktop\project-V2.0\server\node_modules\koa-compose\index.js:42:32)
    at serve (C:\Users\tyutj\Desktop\project-V2.0\server\node_modules\_koa-static@5.0.0@koa-static\index.js:53:15)
    at dispatch (C:\Users\tyutj\Desktop\project-V2.0\server\node_modules\koa-compose\index.js:42:32)
    at C:\Users\tyutj\Desktop\project-V2.0\server\node_modules\koa-passport\lib\framework\koa.js:150:16
    at processTicksAndRejections (internal/process/task_queues.js:93:5)
    at async bodyParser (C:\Users\tyutj\Desktop\project-V2.0\server\node_modules\koa-bodyparser\index.js:95:5)
    at async C:\Users\tyutj\Desktop\project-V2.0\server\node_modules\_koa-log4@2.3.2@koa-log4\koa-logger.js:86:7
[2020-05-15T11:58:24.163] [ERROR] application - TypeError: Expected string but received a undefined.
    at assertString (C:\Users\tyutj\Desktop\project-V2.0\server\node_modules\validator\lib\util\assertString.js:28:11)
    at Object.isEmpty (C:\Users\tyutj\Desktop\project-V2.0\server\node_modules\validator\lib\isEmpty.js:19:29)
    at ValidatorUserChat (C:\Users\tyutj\Desktop\project-V2.0\server\validation\user\userChat.js:31:18)
    at C:\Users\tyutj\Desktop\project-V2.0\server\routes\api\user.js:538:9
    at dispatch (C:\Users\tyutj\Desktop\project-V2.0\server\node_modules\koa-compose\index.js:42:32)
    at C:\Users\tyutj\Desktop\project-V2.0\server\node_modules\koa-router\lib\router.js:368:16
    at dispatch (C:\Users\tyutj\Desktop\project-V2.0\server\node_modules\koa-compose\index.js:42:32)
    at C:\Users\tyutj\Desktop\project-V2.0\server\node_modules\koa-compose\index.js:34:12
    at dispatch (C:\Users\tyutj\Desktop\project-V2.0\server\node_modules\koa-router\lib\router.js:373:31)
    at dispatch (C:\Users\tyutj\Desktop\project-V2.0\server\node_modules\koa-compose\index.js:42:32)
    at serve (C:\Users\tyutj\Desktop\project-V2.0\server\node_modules\_koa-static@5.0.0@koa-static\index.js:53:15)
    at dispatch (C:\Users\tyutj\Desktop\project-V2.0\server\node_modules\koa-compose\index.js:42:32)
    at C:\Users\tyutj\Desktop\project-V2.0\server\node_modules\koa-passport\lib\framework\koa.js:150:16
    at processTicksAndRejections (internal/process/task_queues.js:93:5)
    at async bodyParser (C:\Users\tyutj\Desktop\project-V2.0\server\node_modules\koa-bodyparser\index.js:95:5)
    at async C:\Users\tyutj\Desktop\project-V2.0\server\node_modules\_koa-log4@2.3.2@koa-log4\koa-logger.js:86:7
[2020-05-15T12:56:14.993] [ERROR] application - ReplyError: ERR only (P)SUBSCRIBE / (P)UNSUBSCRIBE / PING / QUIT allowed in this context
    at parseError (C:\Users\tyutj\Desktop\project-V2.0\server\node_modules\redis-parser\lib\parser.js:179:12)
    at parseType (C:\Users\tyutj\Desktop\project-V2.0\server\node_modules\redis-parser\lib\parser.js:302:14) {
  command: 'HGETALL',
  args: [ 'userlist' ],
  code: 'ERR'
}
[2020-05-15T12:56:22.085] [ERROR] application - ReplyError: ERR only (P)SUBSCRIBE / (P)UNSUBSCRIBE / PING / QUIT allowed in this context
    at parseError (C:\Users\tyutj\Desktop\project-V2.0\server\node_modules\redis-parser\lib\parser.js:179:12)
    at parseType (C:\Users\tyutj\Desktop\project-V2.0\server\node_modules\redis-parser\lib\parser.js:302:14) {
  command: 'HGETALL',
  args: [ 'userlist' ],
  code: 'ERR'
}
[2020-05-15T12:58:08.537] [ERROR] application - ReplyError: ERR only (P)SUBSCRIBE / (P)UNSUBSCRIBE / PING / QUIT allowed in this context
    at parseError (C:\Users\tyutj\Desktop\project-V2.0\server\node_modules\redis-parser\lib\parser.js:179:12)
    at parseType (C:\Users\tyutj\Desktop\project-V2.0\server\node_modules\redis-parser\lib\parser.js:302:14) {
  command: 'HGETALL',
  args: [ 'userlist' ],
  code: 'ERR'
}
[2020-05-15T12:58:17.899] [ERROR] application - ReplyError: ERR only (P)SUBSCRIBE / (P)UNSUBSCRIBE / PING / QUIT allowed in this context
    at parseError (C:\Users\tyutj\Desktop\project-V2.0\server\node_modules\redis-parser\lib\parser.js:179:12)
    at parseType (C:\Users\tyutj\Desktop\project-V2.0\server\node_modules\redis-parser\lib\parser.js:302:14) {
  command: 'HGETALL',
  args: [ 'userlist' ],
  code: 'ERR'
}
[2020-05-15T12:58:43.461] [ERROR] application - ReplyError: ERR only (P)SUBSCRIBE / (P)UNSUBSCRIBE / PING / QUIT allowed in this context
    at parseError (C:\Users\tyutj\Desktop\project-V2.0\server\node_modules\redis-parser\lib\parser.js:179:12)
    at parseType (C:\Users\tyutj\Desktop\project-V2.0\server\node_modules\redis-parser\lib\parser.js:302:14) {
  command: 'HGETALL',
  args: [ 'userlist' ],
  code: 'ERR'
}
[2020-05-15T12:58:53.724] [ERROR] application - ReplyError: ERR only (P)SUBSCRIBE / (P)UNSUBSCRIBE / PING / QUIT allowed in this context
    at parseError (C:\Users\tyutj\Desktop\project-V2.0\server\node_modules\redis-parser\lib\parser.js:179:12)
    at parseType (C:\Users\tyutj\Desktop\project-V2.0\server\node_modules\redis-parser\lib\parser.js:302:14) {
  command: 'HGETALL',
  args: [ 'userlist' ],
  code: 'ERR'
}
[2020-05-15T12:58:57.701] [ERROR] application - ReplyError: ERR only (P)SUBSCRIBE / (P)UNSUBSCRIBE / PING / QUIT allowed in this context
    at parseError (C:\Users\tyutj\Desktop\project-V2.0\server\node_modules\redis-parser\lib\parser.js:179:12)
    at parseType (C:\Users\tyutj\Desktop\project-V2.0\server\node_modules\redis-parser\lib\parser.js:302:14) {
  command: 'HGETALL',
  args: [ 'userlist' ],
  code: 'ERR'
}
[2020-05-15T12:59:01.212] [ERROR] application - ReplyError: ERR only (P)SUBSCRIBE / (P)UNSUBSCRIBE / PING / QUIT allowed in this context
    at parseError (C:\Users\tyutj\Desktop\project-V2.0\server\node_modules\redis-parser\lib\parser.js:179:12)
    at parseType (C:\Users\tyutj\Desktop\project-V2.0\server\node_modules\redis-parser\lib\parser.js:302:14) {
  command: 'HGETALL',
  args: [ 'userlist' ],
  code: 'ERR'
}
[2020-05-15T12:59:07.461] [ERROR] application - ReplyError: ERR only (P)SUBSCRIBE / (P)UNSUBSCRIBE / PING / QUIT allowed in this context
    at parseError (C:\Users\tyutj\Desktop\project-V2.0\server\node_modules\redis-parser\lib\parser.js:179:12)
    at parseType (C:\Users\tyutj\Desktop\project-V2.0\server\node_modules\redis-parser\lib\parser.js:302:14) {
  command: 'HGETALL',
  args: [ 'userlist' ],
  code: 'ERR'
}
[2020-05-15T12:59:08.098] [ERROR] application - ReplyError: ERR only (P)SUBSCRIBE / (P)UNSUBSCRIBE / PING / QUIT allowed in this context
    at parseError (C:\Users\tyutj\Desktop\project-V2.0\server\node_modules\redis-parser\lib\parser.js:179:12)
    at parseType (C:\Users\tyutj\Desktop\project-V2.0\server\node_modules\redis-parser\lib\parser.js:302:14) {
  command: 'HGETALL',
  args: [ 'userlist' ],
  code: 'ERR'
}
[2020-05-15T12:59:12.165] [ERROR] application - ReplyError: ERR only (P)SUBSCRIBE / (P)UNSUBSCRIBE / PING / QUIT allowed in this context
    at parseError (C:\Users\tyutj\Desktop\project-V2.0\server\node_modules\redis-parser\lib\parser.js:179:12)
    at parseType (C:\Users\tyutj\Desktop\project-V2.0\server\node_modules\redis-parser\lib\parser.js:302:14) {
  command: 'HGETALL',
  args: [ 'userlist' ],
  code: 'ERR'
}
[2020-05-15T13:01:50.132] [ERROR] application - Error: read ECONNRESET
    at TCP.onStreamRead (internal/stream_base_commons.js:201:27) {
  errno: 'ECONNRESET',
  code: 'ECONNRESET',
  syscall: 'read',
  headerSent: true
}
[2020-05-15T13:02:31.925] [ERROR] application - ReplyError: ERR only (P)SUBSCRIBE / (P)UNSUBSCRIBE / PING / QUIT allowed in this context
    at parseError (C:\Users\tyutj\Desktop\project-V2.0\server\node_modules\redis-parser\lib\parser.js:179:12)
    at parseType (C:\Users\tyutj\Desktop\project-V2.0\server\node_modules\redis-parser\lib\parser.js:302:14) {
  command: 'PUBLISH',
  args: [ 'userPubish', '15503269456' ],
  code: 'ERR'
}
[2020-05-15T13:04:53.767] [ERROR] application - TypeError: redis.publish is not a constructor
    at C:\Users\tyutj\Desktop\project-V2.0\server\routes\api\user.js:548:11
    at processTicksAndRejections (internal/process/task_queues.js:93:5)
    at async serve (C:\Users\tyutj\Desktop\project-V2.0\server\node_modules\_koa-static@5.0.0@koa-static\index.js:53:9)
    at async bodyParser (C:\Users\tyutj\Desktop\project-V2.0\server\node_modules\koa-bodyparser\index.js:95:5)
    at async C:\Users\tyutj\Desktop\project-V2.0\server\node_modules\_koa-log4@2.3.2@koa-log4\koa-logger.js:86:7
[2020-05-15T13:07:55.770] [ERROR] application - TypeError: redis.subscribe is not a constructor
    at C:\Users\tyutj\Desktop\project-V2.0\server\routes\api\admins.js:425:24
    at processTicksAndRejections (internal/process/task_queues.js:93:5)
    at async serve (C:\Users\tyutj\Desktop\project-V2.0\server\node_modules\_koa-static@5.0.0@koa-static\index.js:53:9)
    at async bodyParser (C:\Users\tyutj\Desktop\project-V2.0\server\node_modules\koa-bodyparser\index.js:95:5)
    at async C:\Users\tyutj\Desktop\project-V2.0\server\node_modules\_koa-log4@2.3.2@koa-log4\koa-logger.js:86:7
[2020-05-15T13:08:32.444] [ERROR] application - ReplyError: ERR only (P)SUBSCRIBE / (P)UNSUBSCRIBE / PING / QUIT allowed in this context
    at parseError (C:\Users\tyutj\Desktop\project-V2.0\server\node_modules\redis-parser\lib\parser.js:179:12)
    at parseType (C:\Users\tyutj\Desktop\project-V2.0\server\node_modules\redis-parser\lib\parser.js:302:14) {
  command: 'PUBLISH',
  args: [ 'userPubish', '15503649860' ],
  code: 'ERR'
}
[2020-05-15T13:09:21.272] [ERROR] application - ReplyError: ERR only (P)SUBSCRIBE / (P)UNSUBSCRIBE / PING / QUIT allowed in this context
    at parseError (C:\Users\tyutj\Desktop\project-V2.0\server\node_modules\redis-parser\lib\parser.js:179:12)
    at parseType (C:\Users\tyutj\Desktop\project-V2.0\server\node_modules\redis-parser\lib\parser.js:302:14) {
  command: 'HGETALL',
  args: [ 'adminId' ],
  code: 'ERR'
}
[2020-05-15T13:09:51.185] [ERROR] application - ReplyError: ERR only (P)SUBSCRIBE / (P)UNSUBSCRIBE / PING / QUIT allowed in this context
    at parseError (C:\Users\tyutj\Desktop\project-V2.0\server\node_modules\redis-parser\lib\parser.js:179:12)
    at parseType (C:\Users\tyutj\Desktop\project-V2.0\server\node_modules\redis-parser\lib\parser.js:302:14) {
  command: 'HGETALL',
  args: [ 'adminId' ],
  code: 'ERR'
}
[2020-05-15T13:15:29.875] [ERROR] application - Error: node_redis: The PUBLISH command contains a invalid argument type.
Only strings, dates and buffers are accepted. Please update your code to use valid argument types.
    at RedisClient.internal_send_command (C:\Users\tyutj\Desktop\project-V2.0\server\node_modules\redis\index.js:834:39)
    at RedisClient.publish (C:\Users\tyutj\Desktop\project-V2.0\server\node_modules\redis\lib\commands.js:46:25)
    at C:\Users\tyutj\Desktop\project-V2.0\server\util\redis.js:141:22
    at new Promise (<anonymous>)
    at Object.redisHelper.publish (C:\Users\tyutj\Desktop\project-V2.0\server\util\redis.js:140:12)
    at C:\Users\tyutj\Desktop\project-V2.0\server\routes\api\user.js:548:17
    at processTicksAndRejections (internal/process/task_queues.js:93:5)
    at async serve (C:\Users\tyutj\Desktop\project-V2.0\server\node_modules\_koa-static@5.0.0@koa-static\index.js:53:9)
    at async bodyParser (C:\Users\tyutj\Desktop\project-V2.0\server\node_modules\koa-bodyparser\index.js:95:5)
    at async C:\Users\tyutj\Desktop\project-V2.0\server\node_modules\_koa-log4@2.3.2@koa-log4\koa-logger.js:86:7 {
  command: 'PUBLISH',
  args: [ 'userPubish', { '15036295610': 'admin' } ]
}
[2020-05-15T13:15:48.707] [ERROR] application - Error: node_redis: The PUBLISH command contains a invalid argument type.
Only strings, dates and buffers are accepted. Please update your code to use valid argument types.
    at RedisClient.internal_send_command (C:\Users\tyutj\Desktop\project-V2.0\server\node_modules\redis\index.js:834:39)
    at RedisClient.publish (C:\Users\tyutj\Desktop\project-V2.0\server\node_modules\redis\lib\commands.js:46:25)
    at C:\Users\tyutj\Desktop\project-V2.0\server\util\redis.js:141:22
    at new Promise (<anonymous>)
    at Object.redisHelper.publish (C:\Users\tyutj\Desktop\project-V2.0\server\util\redis.js:140:12)
    at C:\Users\tyutj\Desktop\project-V2.0\server\routes\api\user.js:548:17
    at processTicksAndRejections (internal/process/task_queues.js:93:5)
    at async serve (C:\Users\tyutj\Desktop\project-V2.0\server\node_modules\_koa-static@5.0.0@koa-static\index.js:53:9)
    at async bodyParser (C:\Users\tyutj\Desktop\project-V2.0\server\node_modules\koa-bodyparser\index.js:95:5)
    at async C:\Users\tyutj\Desktop\project-V2.0\server\node_modules\_koa-log4@2.3.2@koa-log4\koa-logger.js:86:7 {
  command: 'PUBLISH',
  args: [ 'userPubish', { name: 'admin', phone: '15036295610' } ]
}
[2020-05-15T13:15:58.589] [ERROR] application - Error: node_redis: The PUBLISH command contains a invalid argument type.
Only strings, dates and buffers are accepted. Please update your code to use valid argument types.
    at RedisClient.internal_send_command (C:\Users\tyutj\Desktop\project-V2.0\server\node_modules\redis\index.js:834:39)
    at RedisClient.publish (C:\Users\tyutj\Desktop\project-V2.0\server\node_modules\redis\lib\commands.js:46:25)
    at C:\Users\tyutj\Desktop\project-V2.0\server\util\redis.js:141:22
    at new Promise (<anonymous>)
    at Object.redisHelper.publish (C:\Users\tyutj\Desktop\project-V2.0\server\util\redis.js:140:12)
    at C:\Users\tyutj\Desktop\project-V2.0\server\routes\api\user.js:548:17
    at processTicksAndRejections (internal/process/task_queues.js:93:5)
    at async serve (C:\Users\tyutj\Desktop\project-V2.0\server\node_modules\_koa-static@5.0.0@koa-static\index.js:53:9)
    at async bodyParser (C:\Users\tyutj\Desktop\project-V2.0\server\node_modules\koa-bodyparser\index.js:95:5)
    at async C:\Users\tyutj\Desktop\project-V2.0\server\node_modules\_koa-log4@2.3.2@koa-log4\koa-logger.js:86:7 {
  command: 'PUBLISH',
  args: [ 'userPubish', { name: 'admin', phone: '15032620369' } ]
}
[2020-05-15T13:22:06.227] [ERROR] application - Error: read ECONNRESET
    at TCP.onStreamRead (internal/stream_base_commons.js:201:27) {
  errno: 'ECONNRESET',
  code: 'ECONNRESET',
  syscall: 'read',
  headerSent: true
}
[2020-05-15T13:22:32.762] [ERROR] application - Error: non-error thrown: "userPubish"
    at Object.onerror (C:\Users\tyutj\Desktop\project-V2.0\server\node_modules\koa\lib\context.js:113:40)
    at onerror (C:\Users\tyutj\Desktop\project-V2.0\server\node_modules\koa\lib\application.js:163:32)
    at processTicksAndRejections (internal/process/task_queues.js:93:5) {
  headerSent: true
}
[2020-05-15T13:22:32.767] [ERROR] application - Error: non-error thrown: "userPubish"
    at Object.onerror (C:\Users\tyutj\Desktop\project-V2.0\server\node_modules\koa\lib\context.js:113:40)
    at onerror (C:\Users\tyutj\Desktop\project-V2.0\server\node_modules\koa\lib\application.js:163:32)
    at processTicksAndRejections (internal/process/task_queues.js:93:5) {
  headerSent: true
}
[2020-05-15T13:22:32.791] [ERROR] application - Error: non-error thrown: "userPubish"
    at Object.onerror (C:\Users\tyutj\Desktop\project-V2.0\server\node_modules\koa\lib\context.js:113:40)
    at onerror (C:\Users\tyutj\Desktop\project-V2.0\server\node_modules\koa\lib\application.js:163:32)
    at processTicksAndRejections (internal/process/task_queues.js:93:5)
[2020-05-15T19:25:29.569] [ERROR] application - ReplyError: ERR only (P)SUBSCRIBE / (P)UNSUBSCRIBE / PING / QUIT allowed in this context
    at parseError (C:\Users\tyutj\Desktop\project-V2.0\server\node_modules\redis-parser\lib\parser.js:179:12)
    at parseType (C:\Users\tyutj\Desktop\project-V2.0\server\node_modules\redis-parser\lib\parser.js:302:14) {
  command: 'HMSET',
  args: [ 'userlist', '15503676579', 'admin' ],
  code: 'ERR'
}
